<?xml version="1.0" encoding="UTF-8"?>
<testng-results skipped="0" failed="0" total="2" passed="2">
  <reporter-output>
  </reporter-output>
  <suite name="Suite" duration-ms="47155" started-at="2019-06-07T22:56:04Z" finished-at="2019-06-07T22:56:51Z">
    <groups>
      <group name="cucumber">
        <method signature="AbstractTestNGCucumberTests.feature(cucumber.api.testng.CucumberFeatureWrapper)[pri:0, instance:runner.RunCuke@39ba5a14]" name="feature" class="cucumber.api.testng.AbstractTestNGCucumberTests"/>
      </group> <!-- cucumber -->
    </groups>
    <test name="Test" duration-ms="47155" started-at="2019-06-07T22:56:04Z" finished-at="2019-06-07T22:56:51Z">
      <class name="runner.RunCuke">
        <test-method status="PASS" signature="setUpClass()[pri:0, instance:runner.RunCuke@39ba5a14]" name="setUpClass" is-config="true" duration-ms="229" started-at="2019-06-07T18:56:04Z" finished-at="2019-06-07T18:56:04Z">
          <reporter-output>
          </reporter-output>
        </test-method> <!-- setUpClass -->
        <test-method status="PASS" signature="setup()[pri:0, instance:runner.RunCuke@39ba5a14]" name="setup" is-config="true" duration-ms="132" started-at="2019-06-07T18:56:04Z" finished-at="2019-06-07T18:56:04Z">
          <reporter-output>
          </reporter-output>
        </test-method> <!-- setup -->
        <test-method status="PASS" signature="feature(cucumber.api.testng.CucumberFeatureWrapper)[pri:0, instance:runner.RunCuke@39ba5a14]" name="feature" duration-ms="23797" started-at="2019-06-07T18:56:05Z" description="Runs Cucumber Feature" data-provider="features" finished-at="2019-06-07T18:56:28Z">
          <params>
            <param index="0">
              <value>
                <![CDATA[Acceptance testing to validate Search cars page is working]]>
              </value>
            </param>
          </params>
          <reporter-output>
          </reporter-output>
        </test-method> <!-- feature -->
        <test-method status="PASS" signature="feature(cucumber.api.testng.CucumberFeatureWrapper)[pri:0, instance:runner.RunCuke@39ba5a14]" name="feature" duration-ms="22877" started-at="2019-06-07T18:56:28Z" description="Runs Cucumber Feature" data-provider="features" finished-at="2019-06-07T18:56:51Z">
          <params>
            <param index="0">
              <value>
                <![CDATA[Acceptance testing to validate Used Search cars page is working]]>
              </value>
            </param>
          </params>
          <reporter-output>
          </reporter-output>
        </test-method> <!-- feature -->
        <test-method status="PASS" signature="tearDownClass()[pri:0, instance:runner.RunCuke@39ba5a14]" name="tearDownClass" is-config="true" duration-ms="43" started-at="2019-06-07T18:56:51Z" finished-at="2019-06-07T18:56:51Z">
          <reporter-output>
          </reporter-output>
        </test-method> <!-- tearDownClass -->
      </class> <!-- runner.RunCuke -->
    </test> <!-- Test -->
  </suite> <!-- Suite -->
</testng-results>
